<?xml version="1.0" encoding="UTF-8"?>
<!-- Generated by org.testng.reporters.JUnitReportReporter -->
<testsuite hostname="LAPTOP-CBFKSMD2" failures="0" tests="1" name="Com.Runnersript.Fbrunnrscript" time="151.536" errors="0" timestamp="2024-12-04T19:18:08 IST" skipped="0">
  <testcase classname="Com.Runnersript.Fbrunnrscript" name="runmeth" time="151.536"/>
  <system-out/>
</testsuite> <!-- Com.Runnersript.Fbrunnrscript -->
